This is XeTeX, Version 3.141592653-2.6-0.999995 (MiKTeX 23.5) (preloaded format=xelatex 2023.5.16)  17 MAY 2023 20:49
entering extended mode
 restricted \write18 enabled.
 %&-line parsing enabled.
**./ТитульныйЛист.tex
(ТитульныйЛист.tex
LaTeX2e <2022-11-01> patch level 1
L3 programming layer <2023-05-11>

! LaTeX Error: Missing \begin{document}.

See the LaTeX manual or LaTeX Companion for explanation.
Type  H <return>  for immediate help.
 ...                                              
                                                  
l.2 \begin{center}
                  
You're in trouble here.  Try typing  <return>  to proceed.
If that doesn't work, type  X <return>  to quit.


Overfull \hbox (20.0pt too wide) in paragraph at lines 2--2
[] 
 []

! Undefined control sequence.
l.3 ^^I\large
             \textbf{Минобрнауки России}
The control sequence at the end of the top line
of your error message was never \def'ed. If you have
misspelled it (e.g., `\hobx'), type `I' and the correct
spelling (e.g., `I\hbox'). Otherwise just continue,
and I'll forget about whatever was undefined.

Missing character: There is no М in font [lmroman10-bold]:mapping=tex-text;!
Missing character: There is no и in font [lmroman10-bold]:mapping=tex-text;!
Missing character: There is no н in font [lmroman10-bold]:mapping=tex-text;!
Missing character: There is no о in font [lmroman10-bold]:mapping=tex-text;!
Missing character: There is no б in font [lmroman10-bold]:mapping=tex-text;!
Missing character: There is no р in font [lmroman10-bold]:mapping=tex-text;!
Missing character: There is no н in font [lmroman10-bold]:mapping=tex-text;!
Missing character: There is no а in font [lmroman10-bold]:mapping=tex-text;!
Missing character: There is no у in font [lmroman10-bold]:mapping=tex-text;!
Missing character: There is no к in font [lmroman10-bold]:mapping=tex-text;!
Missing character: There is no и in font [lmroman10-bold]:mapping=tex-text;!
Missing character: There is no Р in font [lmroman10-bold]:mapping=tex-text;!
Missing character: There is no о in font [lmroman10-bold]:mapping=tex-text;!
Missing character: There is no с in font [lmroman10-bold]:mapping=tex-text;!
Missing character: There is no с in font [lmroman10-bold]:mapping=tex-text;!
Missing character: There is no и in font [lmroman10-bold]:mapping=tex-text;!
Missing character: There is no и in font [lmroman10-bold]:mapping=tex-text;!

Overfull \hbox (30.8pt too wide) in paragraph at lines 3--4
 \TU/lmr/bx/n/10 Минобрнауки 
 []


Overfull \hbox (16.8pt too wide) in paragraph at lines 3--4
 \TU/lmr/bx/n/10 России 
 []

! Undefined control sequence.
l.5 ^^I\large
             \textbf{Юго-Западный государственный университет}
The control sequence at the end of the top line
of your error message was never \def'ed. If you have
misspelled it (e.g., `\hobx'), type `I' and the correct
spelling (e.g., `I\hbox'). Otherwise just continue,
and I'll forget about whatever was undefined.

Missing character: There is no Ю in font [lmroman10-bold]:mapping=tex-text;!
Missing character: There is no г in font [lmroman10-bold]:mapping=tex-text;!
Missing character: There is no о in font [lmroman10-bold]:mapping=tex-text;!
Missing character: There is no З in font [lmroman10-bold]:mapping=tex-text;!
Missing character: There is no а in font [lmroman10-bold]:mapping=tex-text;!
Missing character: There is no п in font [lmroman10-bold]:mapping=tex-text;!
Missing character: There is no а in font [lmroman10-bold]:mapping=tex-text;!
Missing character: There is no д in font [lmroman10-bold]:mapping=tex-text;!
Missing character: There is no н in font [lmroman10-bold]:mapping=tex-text;!
Missing character: There is no ы in font [lmroman10-bold]:mapping=tex-text;!
Missing character: There is no й in font [lmroman10-bold]:mapping=tex-text;!
Missing character: There is no г in font [lmroman10-bold]:mapping=tex-text;!
Missing character: There is no о in font [lmroman10-bold]:mapping=tex-text;!
Missing character: There is no с in font [lmroman10-bold]:mapping=tex-text;!
Missing character: There is no у in font [lmroman10-bold]:mapping=tex-text;!
Missing character: There is no д in font [lmroman10-bold]:mapping=tex-text;!
Missing character: There is no а in font [lmroman10-bold]:mapping=tex-text;!
Missing character: There is no р in font [lmroman10-bold]:mapping=tex-text;!
Missing character: There is no с in font [lmroman10-bold]:mapping=tex-text;!
Missing character: There is no т in font [lmroman10-bold]:mapping=tex-text;!
Missing character: There is no в in font [lmroman10-bold]:mapping=tex-text;!
Missing character: There is no е in font [lmroman10-bold]:mapping=tex-text;!
Missing character: There is no н in font [lmroman10-bold]:mapping=tex-text;!
Missing character: There is no н in font [lmroman10-bold]:mapping=tex-text;!
Missing character: There is no ы in font [lmroman10-bold]:mapping=tex-text;!
Missing character: There is no й in font [lmroman10-bold]:mapping=tex-text;!
Missing character: There is no у in font [lmroman10-bold]:mapping=tex-text;!
Missing character: There is no н in font [lmroman10-bold]:mapping=tex-text;!
Missing character: There is no и in font [lmroman10-bold]:mapping=tex-text;!
Missing character: There is no в in font [lmroman10-bold]:mapping=tex-text;!
Missing character: There is no е in font [lmroman10-bold]:mapping=tex-text;!
Missing character: There is no р in font [lmroman10-bold]:mapping=tex-text;!
Missing character: There is no с in font [lmroman10-bold]:mapping=tex-text;!
Missing character: There is no и in font [lmroman10-bold]:mapping=tex-text;!
Missing character: There is no т in font [lmroman10-bold]:mapping=tex-text;!
Missing character: There is no е in font [lmroman10-bold]:mapping=tex-text;!
Missing character: There is no т in font [lmroman10-bold]:mapping=tex-text;!

Overfull \hbox (12.23pt too wide) in paragraph at lines 5--6
 []\TU/lmr/bx/n/10 Юго- 
 []


Overfull \hbox (22.4pt too wide) in paragraph at lines 5--6
 \TU/lmr/bx/n/10 Западный 
 []


Overfull \hbox (42.0pt too wide) in paragraph at lines 5--6
 \TU/lmr/bx/n/10 государственный 
 []


Overfull \hbox (30.8pt too wide) in paragraph at lines 5--6
 \TU/lmr/bx/n/10 университет 
 []


! LaTeX Error: The font size command \normalsize is not defined:
               there is probably something wrong with the class file.

See the LaTeX manual or LaTeX Companion for explanation.
Type  H <return>  for immediate help.
 ...                                              
                                                  
l.7 ^^I\normalsize
                  {Кафедра программной инженерии}
Your command was ignored.
Type  I <command> <return>  to replace it with another command,
or  <return>  to continue without it.

Missing character: There is no К in font nullfont!
Missing character: There is no а in font nullfont!
Missing character: There is no ф in font nullfont!
Missing character: There is no е in font nullfont!
Missing character: There is no д in font nullfont!
Missing character: There is no р in font nullfont!
Missing character: There is no а in font nullfont!
Missing character: There is no п in font nullfont!
Missing character: There is no р in font nullfont!
Missing character: There is no о in font nullfont!
Missing character: There is no г in font nullfont!
Missing character: There is no р in font nullfont!
Missing character: There is no а in font nullfont!
Missing character: There is no м in font nullfont!
Missing character: There is no м in font nullfont!
Missing character: There is no н in font nullfont!
Missing character: There is no о in font nullfont!
Missing character: There is no й in font nullfont!
Missing character: There is no и in font nullfont!
Missing character: There is no н in font nullfont!
Missing character: There is no ж in font nullfont!
Missing character: There is no е in font nullfont!
Missing character: There is no н in font nullfont!
Missing character: There is no е in font nullfont!
Missing character: There is no р in font nullfont!
Missing character: There is no и in font nullfont!
Missing character: There is no и in font nullfont!
! Undefined control sequence.
l.9 ^^I\large
             \textbf{ВЫПУСКНАЯ КВАЛИФИКАЦИОННАЯ РАБОТА}\\
The control sequence at the end of the top line
of your error message was never \def'ed. If you have
misspelled it (e.g., `\hobx'), type `I' and the correct
spelling (e.g., `I\hbox'). Otherwise just continue,
and I'll forget about whatever was undefined.

Missing character: There is no В in font [lmroman10-bold]:mapping=tex-text;!
Missing character: There is no Ы in font [lmroman10-bold]:mapping=tex-text;!
Missing character: There is no П in font [lmroman10-bold]:mapping=tex-text;!
Missing character: There is no У in font [lmroman10-bold]:mapping=tex-text;!
Missing character: There is no С in font [lmroman10-bold]:mapping=tex-text;!
Missing character: There is no К in font [lmroman10-bold]:mapping=tex-text;!
Missing character: There is no Н in font [lmroman10-bold]:mapping=tex-text;!
Missing character: There is no А in font [lmroman10-bold]:mapping=tex-text;!
Missing character: There is no Я in font [lmroman10-bold]:mapping=tex-text;!
Missing character: There is no К in font [lmroman10-bold]:mapping=tex-text;!
Missing character: There is no В in font [lmroman10-bold]:mapping=tex-text;!
Missing character: There is no А in font [lmroman10-bold]:mapping=tex-text;!
Missing character: There is no Л in font [lmroman10-bold]:mapping=tex-text;!
Missing character: There is no И in font [lmroman10-bold]:mapping=tex-text;!
Missing character: There is no Ф in font [lmroman10-bold]:mapping=tex-text;!
Missing character: There is no И in font [lmroman10-bold]:mapping=tex-text;!
Missing character: There is no К in font [lmroman10-bold]:mapping=tex-text;!
Missing character: There is no А in font [lmroman10-bold]:mapping=tex-text;!
Missing character: There is no Ц in font [lmroman10-bold]:mapping=tex-text;!
Missing character: There is no И in font [lmroman10-bold]:mapping=tex-text;!
Missing character: There is no О in font [lmroman10-bold]:mapping=tex-text;!
Missing character: There is no Н in font [lmroman10-bold]:mapping=tex-text;!
Missing character: There is no Н in font [lmroman10-bold]:mapping=tex-text;!
Missing character: There is no А in font [lmroman10-bold]:mapping=tex-text;!
Missing character: There is no Я in font [lmroman10-bold]:mapping=tex-text;!
Missing character: There is no Р in font [lmroman10-bold]:mapping=tex-text;!
Missing character: There is no А in font [lmroman10-bold]:mapping=tex-text;!
Missing character: There is no Б in font [lmroman10-bold]:mapping=tex-text;!
Missing character: There is no О in font [lmroman10-bold]:mapping=tex-text;!
Missing character: There is no Т in font [lmroman10-bold]:mapping=tex-text;!
Missing character: There is no А in font [lmroman10-bold]:mapping=tex-text;!

Overfull \hbox (25.2pt too wide) in paragraph at lines 9--9
 []\TU/lmr/bx/n/10 ВЫПУСКНАЯ 
 []


Overfull \hbox (44.8pt too wide) in paragraph at lines 9--9
 \TU/lmr/bx/n/10 КВАЛИФИКАЦИОННАЯ 
 []


Overfull \hbox (16.8pt too wide) in paragraph at lines 9--9
 \TU/lmr/bx/n/10 РАБОТА 
 []

! Undefined control sequence.
<recently read> \large 
                       
l.10 ^^I\large
              \textbf{ПО ПРОГРАММЕ БАКАЛАВРИАТА}\\
The control sequence at the end of the top line
of your error message was never \def'ed. If you have
misspelled it (e.g., `\hobx'), type `I' and the correct
spelling (e.g., `I\hbox'). Otherwise just continue,
and I'll forget about whatever was undefined.

Missing character: There is no П in font [lmroman10-bold]:mapping=tex-text;!
Missing character: There is no О in font [lmroman10-bold]:mapping=tex-text;!
Missing character: There is no П in font [lmroman10-bold]:mapping=tex-text;!
Missing character: There is no Р in font [lmroman10-bold]:mapping=tex-text;!
Missing character: There is no О in font [lmroman10-bold]:mapping=tex-text;!
Missing character: There is no Г in font [lmroman10-bold]:mapping=tex-text;!
Missing character: There is no Р in font [lmroman10-bold]:mapping=tex-text;!
Missing character: There is no А in font [lmroman10-bold]:mapping=tex-text;!
Missing character: There is no М in font [lmroman10-bold]:mapping=tex-text;!
Missing character: There is no М in font [lmroman10-bold]:mapping=tex-text;!
Missing character: There is no Е in font [lmroman10-bold]:mapping=tex-text;!
Missing character: There is no Б in font [lmroman10-bold]:mapping=tex-text;!
Missing character: There is no А in font [lmroman10-bold]:mapping=tex-text;!
Missing character: There is no К in font [lmroman10-bold]:mapping=tex-text;!
Missing character: There is no А in font [lmroman10-bold]:mapping=tex-text;!
Missing character: There is no Л in font [lmroman10-bold]:mapping=tex-text;!
Missing character: There is no А in font [lmroman10-bold]:mapping=tex-text;!
Missing character: There is no В in font [lmroman10-bold]:mapping=tex-text;!
Missing character: There is no Р in font [lmroman10-bold]:mapping=tex-text;!
Missing character: There is no И in font [lmroman10-bold]:mapping=tex-text;!
Missing character: There is no А in font [lmroman10-bold]:mapping=tex-text;!
Missing character: There is no Т in font [lmroman10-bold]:mapping=tex-text;!
Missing character: There is no А in font [lmroman10-bold]:mapping=tex-text;!

Overfull \hbox (5.6pt too wide) in paragraph at lines 10--10
 []\TU/lmr/bx/n/10 ПО 
 []


Overfull \hbox (25.2pt too wide) in paragraph at lines 10--10
 \TU/lmr/bx/n/10 ПРОГРАММЕ 
 []


Overfull \hbox (33.6pt too wide) in paragraph at lines 10--10
 \TU/lmr/bx/n/10 БАКАЛАВРИАТА 
 []


! LaTeX Error: The font size command \normalsize is not defined:
               there is probably something wrong with the class file.

See the LaTeX manual or LaTeX Companion for explanation.
Type  H <return>  for immediate help.
 ...                                              
                                                  
l.12 ^^I\normalsize
                   \underline{\hspace{4.5cm}09.03.04 «Программная инженерия»...

Your command was ignored.
Type  I <command> <return>  to replace it with another command,
or  <return>  to continue without it.

LaTeX Font Info:    External font `cmex10' loaded for size
(Font)              <7> on input line 12.
LaTeX Font Info:    External font `cmex10' loaded for size
(Font)              <5> on input line 12.
Missing character: There is no 0 in font nullfont!
Missing character: There is no 9 in font nullfont!
Missing character: There is no . in font nullfont!
Missing character: There is no 0 in font nullfont!
Missing character: There is no 3 in font nullfont!
Missing character: There is no . in font nullfont!
Missing character: There is no 0 in font nullfont!
Missing character: There is no 4 in font nullfont!
Missing character: There is no « in font nullfont!
Missing character: There is no П in font nullfont!
Missing character: There is no р in font nullfont!
Missing character: There is no о in font nullfont!
Missing character: There is no г in font nullfont!
Missing character: There is no р in font nullfont!
Missing character: There is no а in font nullfont!
Missing character: There is no м in font nullfont!
Missing character: There is no м in font nullfont!
Missing character: There is no н in font nullfont!
Missing character: There is no а in font nullfont!
Missing character: There is no я in font nullfont!
Missing character: There is no и in font nullfont!
Missing character: There is no н in font nullfont!
Missing character: There is no ж in font nullfont!
Missing character: There is no е in font nullfont!
Missing character: There is no н in font nullfont!
Missing character: There is no е in font nullfont!
Missing character: There is no р in font nullfont!
Missing character: There is no и in font nullfont!
Missing character: There is no я in font nullfont!
Missing character: There is no » in font nullfont!

Overfull \hbox (241.84842pt too wide) in paragraph at lines 12--12
 []$[]$ 
 []

! Undefined control sequence.
l.14 \footnotesize
                  {(код, наименование ОПОП ВО: направление подготовки, напра...
The control sequence at the end of the top line
of your error message was never \def'ed. If you have
misspelled it (e.g., `\hobx'), type `I' and the correct
spelling (e.g., `I\hbox'). Otherwise just continue,
and I'll forget about whatever was undefined.

Missing character: There is no ( in font nullfont!
Missing character: There is no к in font nullfont!
Missing character: There is no о in font nullfont!
Missing character: There is no д in font nullfont!
Missing character: There is no , in font nullfont!
Missing character: There is no н in font nullfont!
Missing character: There is no а in font nullfont!
Missing character: There is no и in font nullfont!
Missing character: There is no м in font nullfont!
Missing character: There is no е in font nullfont!
Missing character: There is no н in font nullfont!
Missing character: There is no о in font nullfont!
Missing character: There is no в in font nullfont!
Missing character: There is no а in font nullfont!
Missing character: There is no н in font nullfont!
Missing character: There is no и in font nullfont!
Missing character: There is no е in font nullfont!
Missing character: There is no О in font nullfont!
Missing character: There is no П in font nullfont!
Missing character: There is no О in font nullfont!
Missing character: There is no П in font nullfont!
Missing character: There is no В in font nullfont!
Missing character: There is no О in font nullfont!
Missing character: There is no : in font nullfont!
Missing character: There is no н in font nullfont!
Missing character: There is no а in font nullfont!
Missing character: There is no п in font nullfont!
Missing character: There is no р in font nullfont!
Missing character: There is no а in font nullfont!
Missing character: There is no в in font nullfont!
Missing character: There is no л in font nullfont!
Missing character: There is no е in font nullfont!
Missing character: There is no н in font nullfont!
Missing character: There is no и in font nullfont!
Missing character: There is no е in font nullfont!
Missing character: There is no п in font nullfont!
Missing character: There is no о in font nullfont!
Missing character: There is no д in font nullfont!
Missing character: There is no г in font nullfont!
Missing character: There is no о in font nullfont!
Missing character: There is no т in font nullfont!
Missing character: There is no о in font nullfont!
Missing character: There is no в in font nullfont!
Missing character: There is no к in font nullfont!
Missing character: There is no и in font nullfont!
Missing character: There is no , in font nullfont!
Missing character: There is no н in font nullfont!
Missing character: There is no а in font nullfont!
Missing character: There is no п in font nullfont!
Missing character: There is no р in font nullfont!
Missing character: There is no а in font nullfont!
Missing character: There is no в in font nullfont!
Missing character: There is no л in font nullfont!
Missing character: There is no е in font nullfont!
Missing character: There is no н in font nullfont!
Missing character: There is no н in font nullfont!
Missing character: There is no о in font nullfont!
Missing character: There is no с in font nullfont!
Missing character: There is no т in font nullfont!
Missing character: There is no ь in font nullfont!
Missing character: There is no ( in font nullfont!
Missing character: There is no п in font nullfont!
Missing character: There is no р in font nullfont!
Missing character: There is no о in font nullfont!
Missing character: There is no ф in font nullfont!
Missing character: There is no и in font nullfont!
Missing character: There is no л in font nullfont!
Missing character: There is no ь in font nullfont!
Missing character: There is no ) in font nullfont!
Missing character: There is no ) in font nullfont!

Overfull \hbox (8191.99998pt too wide) in paragraph at lines 13--15
 [] 
 []


! LaTeX Error: The font size command \normalsize is not defined:
               there is probably something wrong with the class file.

See the LaTeX manual or LaTeX Companion for explanation.
Type  H <return>  for immediate help.
 ...                                              
                                                  
l.16 \normalsize
                \underline{\hspace{3cm}«Разработка программно-информационных...

Your command was ignored.
Type  I <command> <return>  to replace it with another command,
or  <return>  to continue without it.

Missing character: There is no « in font nullfont!
Missing character: There is no Р in font nullfont!
Missing character: There is no а in font nullfont!
Missing character: There is no з in font nullfont!
Missing character: There is no р in font nullfont!
Missing character: There is no а in font nullfont!
Missing character: There is no б in font nullfont!
Missing character: There is no о in font nullfont!
Missing character: There is no т in font nullfont!
Missing character: There is no к in font nullfont!
Missing character: There is no а in font nullfont!
Missing character: There is no п in font nullfont!
Missing character: There is no р in font nullfont!
Missing character: There is no о in font nullfont!
Missing character: There is no г in font nullfont!
Missing character: There is no р in font nullfont!
Missing character: There is no а in font nullfont!
Missing character: There is no м in font nullfont!
Missing character: There is no м in font nullfont!
Missing character: There is no н in font nullfont!
Missing character: There is no о in font nullfont!
Missing character: There is no - in font nullfont!
Missing character: There is no и in font nullfont!
Missing character: There is no н in font nullfont!
Missing character: There is no ф in font nullfont!
Missing character: There is no о in font nullfont!
Missing character: There is no р in font nullfont!
Missing character: There is no м in font nullfont!
Missing character: There is no а in font nullfont!
Missing character: There is no ц in font nullfont!
Missing character: There is no и in font nullfont!
Missing character: There is no о in font nullfont!
Missing character: There is no н in font nullfont!
Missing character: There is no н in font nullfont!
Missing character: There is no ы in font nullfont!
Missing character: There is no х in font nullfont!
Missing character: There is no с in font nullfont!
Missing character: There is no и in font nullfont!
Missing character: There is no с in font nullfont!
Missing character: There is no т in font nullfont!
Missing character: There is no е in font nullfont!
Missing character: There is no м in font nullfont!
Missing character: There is no » in font nullfont!

Overfull \hbox (142.26376pt too wide) in paragraph at lines 16--16
 []$[]$ 
 []


! LaTeX Error: The font size command \normalsize is not defined:
               there is probably something wrong with the class file.

See the LaTeX manual or LaTeX Companion for explanation.
Type  H <return>  for immediate help.
 ...                                              
                                                  
l.18 \normalsize
                \underline{\hspace{0.3cm}Разработка web-сайта «Программно-ин...

Your command was ignored.
Type  I <command> <return>  to replace it with another command,
or  <return>  to continue without it.

Missing character: There is no Р in font nullfont!
Missing character: There is no а in font nullfont!
Missing character: There is no з in font nullfont!
Missing character: There is no р in font nullfont!
Missing character: There is no а in font nullfont!
Missing character: There is no б in font nullfont!
Missing character: There is no о in font nullfont!
Missing character: There is no т in font nullfont!
Missing character: There is no к in font nullfont!
Missing character: There is no а in font nullfont!
Missing character: There is no w in font nullfont!
Missing character: There is no e in font nullfont!
Missing character: There is no b in font nullfont!
Missing character: There is no - in font nullfont!
Missing character: There is no с in font nullfont!
Missing character: There is no а in font nullfont!
Missing character: There is no й in font nullfont!
Missing character: There is no т in font nullfont!
Missing character: There is no а in font nullfont!
Missing character: There is no « in font nullfont!
Missing character: There is no П in font nullfont!
Missing character: There is no р in font nullfont!
Missing character: There is no о in font nullfont!
Missing character: There is no г in font nullfont!
Missing character: There is no р in font nullfont!
Missing character: There is no а in font nullfont!
Missing character: There is no м in font nullfont!
Missing character: There is no м in font nullfont!
Missing character: There is no н in font nullfont!
Missing character: There is no о in font nullfont!
Missing character: There is no - in font nullfont!
Missing character: There is no и in font nullfont!
Missing character: There is no н in font nullfont!
Missing character: There is no ф in font nullfont!
Missing character: There is no о in font nullfont!
Missing character: There is no р in font nullfont!
Missing character: There is no м in font nullfont!
Missing character: There is no а in font nullfont!
Missing character: There is no ц in font nullfont!
Missing character: There is no и in font nullfont!
Missing character: There is no о in font nullfont!
Missing character: There is no н in font nullfont!
Missing character: There is no н in font nullfont!
Missing character: There is no а in font nullfont!
Missing character: There is no я in font nullfont!
Missing character: There is no с in font nullfont!
Missing character: There is no и in font nullfont!
Missing character: There is no с in font nullfont!
Missing character: There is no т in font nullfont!
Missing character: There is no е in font nullfont!
Missing character: There is no м in font nullfont!
Missing character: There is no а in font nullfont!
Missing character: There is no д in font nullfont!
Missing character: There is no л in font nullfont!
Missing character: There is no я in font nullfont!
Missing character: There is no о in font nullfont!
Missing character: There is no р in font nullfont!
Missing character: There is no г in font nullfont!
Missing character: There is no а in font nullfont!
Missing character: There is no н in font nullfont!
Missing character: There is no и in font nullfont!
Missing character: There is no з in font nullfont!
Missing character: There is no а in font nullfont!
Missing character: There is no ц in font nullfont!
Missing character: There is no и in font nullfont!
Missing character: There is no и in font nullfont!
Missing character: There is no р in font nullfont!
Missing character: There is no а in font nullfont!
Missing character: There is no б in font nullfont!
Missing character: There is no о in font nullfont!
Missing character: There is no т in font nullfont!
Missing character: There is no ы in font nullfont!
Missing character: There is no м in font nullfont!
Missing character: There is no е in font nullfont!
Missing character: There is no д in font nullfont!
Missing character: There is no и in font nullfont!
Missing character: There is no ц in font nullfont!
Missing character: There is no и in font nullfont!
Missing character: There is no н in font nullfont!
Missing character: There is no с in font nullfont!
Missing character: There is no к in font nullfont!
Missing character: There is no о in font nullfont!
Missing character: There is no й in font nullfont!
Missing character: There is no л in font nullfont!
Missing character: There is no а in font nullfont!
Missing character: There is no б in font nullfont!
Missing character: There is no о in font nullfont!
Missing character: There is no р in font nullfont!
Missing character: There is no а in font nullfont!
Missing character: There is no т in font nullfont!
Missing character: There is no о in font nullfont!
Missing character: There is no р in font nullfont!
Missing character: There is no и in font nullfont!
Missing character: There is no и in font nullfont!
Missing character: There is no » in font nullfont!
Missing character: There is no н in font nullfont!
Missing character: There is no а in font nullfont!
Missing character: There is no п in font nullfont!
Missing character: There is no л in font nullfont!
Missing character: There is no а in font nullfont!
Missing character: There is no т in font nullfont!
Missing character: There is no ф in font nullfont!
Missing character: There is no о in font nullfont!
Missing character: There is no р in font nullfont!
Missing character: There is no м in font nullfont!
Missing character: There is no е in font nullfont!

Overfull \hbox (8.5359pt too wide) in paragraph at lines 18--18
 []$[]$ 
 []

Missing character: There is no 1 in font nullfont!
Missing character: There is no С in font nullfont!
Missing character: There is no - in font nullfont!
Missing character: There is no Б in font nullfont!
Missing character: There is no и in font nullfont!
Missing character: There is no т in font nullfont!
Missing character: There is no р in font nullfont!
Missing character: There is no и in font nullfont!
Missing character: There is no к in font nullfont!
Missing character: There is no с in font nullfont!

Overfull \hbox (389.80264pt too wide) in paragraph at lines 19--19
 []$[]$ 
 []

! Undefined control sequence.
l.20 \noindent\tiny
                   \rule[0em]{\textwidth}{0.5pt}
The control sequence at the end of the top line
of your error message was never \def'ed. If you have
misspelled it (e.g., `\hobx'), type `I' and the correct
spelling (e.g., `I\hbox'). Otherwise just continue,
and I'll forget about whatever was undefined.

! Undefined control sequence.
l.21 \footnotesize
                  {(название темы)}
The control sequence at the end of the top line
of your error message was never \def'ed. If you have
misspelled it (e.g., `\hobx'), type `I' and the correct
spelling (e.g., `I\hbox'). Otherwise just continue,
and I'll forget about whatever was undefined.

Missing character: There is no ( in font nullfont!
Missing character: There is no н in font nullfont!
Missing character: There is no а in font nullfont!
Missing character: There is no з in font nullfont!
Missing character: There is no в in font nullfont!
Missing character: There is no а in font nullfont!
Missing character: There is no н in font nullfont!
Missing character: There is no и in font nullfont!
Missing character: There is no е in font nullfont!
Missing character: There is no т in font nullfont!
Missing character: There is no е in font nullfont!
Missing character: There is no м in font nullfont!
Missing character: There is no ы in font nullfont!
Missing character: There is no ) in font nullfont!

Overfull \hbox (8191.99998pt too wide) in paragraph at lines 20--22
 [] 
 []


! LaTeX Error: The font size command \normalsize is not defined:
               there is probably something wrong with the class file.

See the LaTeX manual or LaTeX Companion for explanation.
Type  H <return>  for immediate help.
 ...                                              
                                                  
l.23 \normalsize
                \underline{\hspace{7cm}Дипломный проект\hspace{5cm}}\\
Your command was ignored.
Type  I <command> <return>  to replace it with another command,
or  <return>  to continue without it.

Missing character: There is no Д in font nullfont!
Missing character: There is no и in font nullfont!
Missing character: There is no п in font nullfont!
Missing character: There is no л in font nullfont!
Missing character: There is no о in font nullfont!
Missing character: There is no м in font nullfont!
Missing character: There is no н in font nullfont!
Missing character: There is no ы in font nullfont!
Missing character: There is no й in font nullfont!
Missing character: There is no п in font nullfont!
Missing character: There is no р in font nullfont!
Missing character: There is no о in font nullfont!
Missing character: There is no е in font nullfont!
Missing character: There is no к in font nullfont!
Missing character: There is no т in font nullfont!

Overfull \hbox (341.43306pt too wide) in paragraph at lines 23--23
 []$[]$ 
 []

! Undefined control sequence.
<recently read> \footnotesize 
                              
l.24 \footnotesize
                  {(вид ВКР: дипломная работа или дипломный проект)}
The control sequence at the end of the top line
of your error message was never \def'ed. If you have
misspelled it (e.g., `\hobx'), type `I' and the correct
spelling (e.g., `I\hbox'). Otherwise just continue,
and I'll forget about whatever was undefined.

Missing character: There is no ( in font nullfont!
Missing character: There is no в in font nullfont!
Missing character: There is no и in font nullfont!
Missing character: There is no д in font nullfont!
Missing character: There is no В in font nullfont!
Missing character: There is no К in font nullfont!
Missing character: There is no Р in font nullfont!
Missing character: There is no : in font nullfont!
Missing character: There is no д in font nullfont!
Missing character: There is no и in font nullfont!
Missing character: There is no п in font nullfont!
Missing character: There is no л in font nullfont!
Missing character: There is no о in font nullfont!
Missing character: There is no м in font nullfont!
Missing character: There is no н in font nullfont!
Missing character: There is no а in font nullfont!
Missing character: There is no я in font nullfont!
Missing character: There is no р in font nullfont!
Missing character: There is no а in font nullfont!
Missing character: There is no б in font nullfont!
Missing character: There is no о in font nullfont!
Missing character: There is no т in font nullfont!
Missing character: There is no а in font nullfont!
Missing character: There is no и in font nullfont!
Missing character: There is no л in font nullfont!
Missing character: There is no и in font nullfont!
Missing character: There is no д in font nullfont!
Missing character: There is no и in font nullfont!
Missing character: There is no п in font nullfont!
Missing character: There is no л in font nullfont!
Missing character: There is no о in font nullfont!
Missing character: There is no м in font nullfont!
Missing character: There is no н in font nullfont!
Missing character: There is no ы in font nullfont!
Missing character: There is no й in font nullfont!
Missing character: There is no п in font nullfont!
Missing character: There is no р in font nullfont!
Missing character: There is no о in font nullfont!
Missing character: There is no е in font nullfont!
Missing character: There is no к in font nullfont!
Missing character: There is no т in font nullfont!
Missing character: There is no ) in font nullfont!

! LaTeX Error: Illegal character in array arg.

See the LaTeX manual or LaTeX Companion for explanation.
Type  H <return>  for immediate help.
 ...                                              
                                                  
l.27 \begin{tabular}{p{4.5cm}C{5.5cm}C{6.5cm}}
                                              
You're in trouble here.  Try typing  <return>  to proceed.
If that doesn't work, type  X <return>  to quit.


! LaTeX Error: Illegal character in array arg.

See the LaTeX manual or LaTeX Companion for explanation.
Type  H <return>  for immediate help.
 ...                                              
                                                  
l.27 \begin{tabular}{p{4.5cm}C{5.5cm}C{6.5cm}}
                                              
You're in trouble here.  Try typing  <return>  to proceed.
If that doesn't work, type  X <return>  to quit.


! LaTeX Error: Illegal character in array arg.

See the LaTeX manual or LaTeX Companion for explanation.
Type  H <return>  for immediate help.
 ...                                              
                                                  
l.27 \begin{tabular}{p{4.5cm}C{5.5cm}C{6.5cm}}
                                              
You're in trouble here.  Try typing  <return>  to proceed.
If that doesn't work, type  X <return>  to quit.


! LaTeX Error: Illegal character in array arg.

See the LaTeX manual or LaTeX Companion for explanation.
Type  H <return>  for immediate help.
 ...                                              
                                                  
l.27 \begin{tabular}{p{4.5cm}C{5.5cm}C{6.5cm}}
                                              
You're in trouble here.  Try typing  <return>  to proceed.
If that doesn't work, type  X <return>  to quit.

Missing character: There is no А in font nullfont!
Missing character: There is no в in font nullfont!
Missing character: There is no т in font nullfont!
Missing character: There is no о in font nullfont!
Missing character: There is no р in font nullfont!
Missing character: There is no В in font nullfont!
Missing character: There is no К in font nullfont!
Missing character: There is no Р in font nullfont!
Missing character: There is no К in font nullfont!
Missing character: There is no . in font nullfont!
Missing character: There is no С in font nullfont!
Missing character: There is no . in font nullfont!
Missing character: There is no Л in font nullfont!
Missing character: There is no о in font nullfont!
Missing character: There is no п in font nullfont!
Missing character: There is no е in font nullfont!
Missing character: There is no з in font nullfont!
! Undefined control sequence.
l.29 & \footnotesize
                    {(подпись, дата)} & \footnotesize{(инициалы, фамилия)}\\
The control sequence at the end of the top line
of your error message was never \def'ed. If you have
misspelled it (e.g., `\hobx'), type `I' and the correct
spelling (e.g., `I\hbox'). Otherwise just continue,
and I'll forget about whatever was undefined.

Missing character: There is no ( in font nullfont!
Missing character: There is no п in font nullfont!
Missing character: There is no о in font nullfont!
Missing character: There is no д in font nullfont!
Missing character: There is no п in font nullfont!
Missing character: There is no и in font nullfont!
Missing character: There is no с in font nullfont!
Missing character: There is no ь in font nullfont!
Missing character: There is no , in font nullfont!
Missing character: There is no д in font nullfont!
Missing character: There is no а in font nullfont!
Missing character: There is no т in font nullfont!
Missing character: There is no а in font nullfont!
Missing character: There is no ) in font nullfont!
! Undefined control sequence.
l.29 ...tnotesize{(подпись, дата)} & \footnotesize
                                                  {(инициалы, фамилия)}\\
The control sequence at the end of the top line
of your error message was never \def'ed. If you have
misspelled it (e.g., `\hobx'), type `I' and the correct
spelling (e.g., `I\hbox'). Otherwise just continue,
and I'll forget about whatever was undefined.

Missing character: There is no ( in font nullfont!
Missing character: There is no и in font nullfont!
Missing character: There is no н in font nullfont!
Missing character: There is no и in font nullfont!
Missing character: There is no ц in font nullfont!
Missing character: There is no и in font nullfont!
Missing character: There is no а in font nullfont!
Missing character: There is no л in font nullfont!
Missing character: There is no ы in font nullfont!
Missing character: There is no , in font nullfont!
Missing character: There is no ф in font nullfont!
Missing character: There is no а in font nullfont!
Missing character: There is no м in font nullfont!
Missing character: There is no и in font nullfont!
Missing character: There is no л in font nullfont!
Missing character: There is no и in font nullfont!
Missing character: There is no я in font nullfont!
Missing character: There is no ) in font nullfont!
Missing character: There is no Г in font nullfont!
Missing character: There is no р in font nullfont!
Missing character: There is no у in font nullfont!
Missing character: There is no п in font nullfont!
Missing character: There is no п in font nullfont!
Missing character: There is no а in font nullfont!
Missing character: There is no П in font nullfont!
Missing character: There is no О in font nullfont!
Missing character: There is no - in font nullfont!
Missing character: There is no 9 in font nullfont!
Missing character: There is no 2 in font nullfont!
Missing character: There is no б in font nullfont!

Overfull \hbox (184.94292pt too wide) in paragraph at lines 27--33
[] 
 []


Overfull \hbox (20.0pt too wide) in paragraph at lines 34--34
[] 
 []


! LaTeX Error: The font size command \normalsize is not defined:
               there is probably something wrong with the class file.

See the LaTeX manual or LaTeX Companion for explanation.
Type  H <return>  for immediate help.
 ...                                              
                                                  
l.35 \normalsize
                {Курск 2023 г.}
Your command was ignored.
Type  I <command> <return>  to replace it with another command,
or  <return>  to continue without it.

Missing character: There is no К in font nullfont!
Missing character: There is no у in font nullfont!
Missing character: There is no р in font nullfont!
Missing character: There is no с in font nullfont!
Missing character: There is no к in font nullfont!
Missing character: There is no 2 in font nullfont!
Missing character: There is no 0 in font nullfont!
Missing character: There is no 2 in font nullfont!
Missing character: There is no 3 in font nullfont!
Missing character: There is no г in font nullfont!
Missing character: There is no . in font nullfont!
)
! Emergency stop.
<*> ./ТитульныйЛист.tex
                       
*** (job aborted, no legal \end found)

 
Here is how much of TeX's memory you used:
 22 strings out of 411497
 448 string characters out of 5822622
 1845624 words of memory out of 5000000
 20321 multiletter control sequences out of 15000+600000
 512295 words of font info for 33 fonts, out of 8000000 for 9000
 1348 hyphenation exceptions out of 8191
 19i,11n,16p,208b,140s stack positions out of 10000i,1000n,20000p,200000b,200000s
No pages of output.
